0 info it worked if it ends with ok
1 verbose cli [ '/Users/deniswells/.nvm/versions/node/v5.10.1/bin/node',
1 verbose cli   '/Users/deniswells/.nvm/versions/node/v5.10.1/bin/npm',
1 verbose cli   'start' ]
2 info using npm@3.10.9
3 info using node@v5.10.1
4 verbose run-script [ 'prestart', 'start', 'poststart' ]
5 info lifecycle MarketTavern@1.0.0~prestart: MarketTavern@1.0.0
6 silly lifecycle MarketTavern@1.0.0~prestart: no script for prestart, continuing
7 info lifecycle MarketTavern@1.0.0~start: MarketTavern@1.0.0
8 verbose lifecycle MarketTavern@1.0.0~start: unsafe-perm in lifecycle true
9 verbose lifecycle MarketTavern@1.0.0~start: PATH: /Users/deniswells/.nvm/versions/node/v5.10.1/lib/node_modules/npm/bin/node-gyp-bin:/Users/deniswells/code/freelance/MarketTavern/node_modules/.bin:~/Library/Android/sdk/platform-tools:/Users/deniswells/.nvm/versions/node/v5.10.1/bin:/usr/local/bin:/usr/bin:/bin:/usr/sbin:/sbin:/opt/X11/bin
10 verbose lifecycle MarketTavern@1.0.0~start: CWD: /Users/deniswells/code/freelance/MarketTavern
11 silly lifecycle MarketTavern@1.0.0~start: Args: [ '-c', 'babel-node ./server/app.js' ]
12 silly lifecycle MarketTavern@1.0.0~start: Returned: code: 1  signal: null
13 info lifecycle MarketTavern@1.0.0~start: Failed to exec start script
14 verbose stack Error: MarketTavern@1.0.0 start: `babel-node ./server/app.js`
14 verbose stack Exit status 1
14 verbose stack     at EventEmitter.<anonymous> (/Users/deniswells/.nvm/versions/node/v5.10.1/lib/node_modules/npm/lib/utils/lifecycle.js:255:16)
14 verbose stack     at emitTwo (events.js:100:13)
14 verbose stack     at EventEmitter.emit (events.js:185:7)
14 verbose stack     at ChildProcess.<anonymous> (/Users/deniswells/.nvm/versions/node/v5.10.1/lib/node_modules/npm/lib/utils/spawn.js:40:14)
14 verbose stack     at emitTwo (events.js:100:13)
14 verbose stack     at ChildProcess.emit (events.js:185:7)
14 verbose stack     at maybeClose (internal/child_process.js:850:16)
14 verbose stack     at Process.ChildProcess._handle.onexit (internal/child_process.js:215:5)
15 verbose pkgid MarketTavern@1.0.0
16 verbose cwd /Users/deniswells/code/freelance/MarketTavern
17 error Darwin 16.6.0
18 error argv "/Users/deniswells/.nvm/versions/node/v5.10.1/bin/node" "/Users/deniswells/.nvm/versions/node/v5.10.1/bin/npm" "start"
19 error node v5.10.1
20 error npm  v3.10.9
21 error code ELIFECYCLE
22 error MarketTavern@1.0.0 start: `babel-node ./server/app.js`
22 error Exit status 1
23 error Failed at the MarketTavern@1.0.0 start script 'babel-node ./server/app.js'.
23 error Make sure you have the latest version of node.js and npm installed.
23 error If you do, this is most likely a problem with the MarketTavern package,
23 error not with npm itself.
23 error Tell the author that this fails on your system:
23 error     babel-node ./server/app.js
23 error You can get information on how to open an issue for this project with:
23 error     npm bugs MarketTavern
23 error Or if that isn't available, you can get their info via:
23 error     npm owner ls MarketTavern
23 error There is likely additional logging output above.
24 verbose exit [ 1, true ]
